<?xml version="1.0" encoding="UTF-8"?>
<!-- Generated by org.testng.reporters.JUnitReportReporter -->
<testsuite hostname="DESKTOP-6B1PKSS" failures="0" tests="1" name="org.ty.daabase_practice.DDTByCMD" time="0.017" errors="0" timestamp="2022-09-20T11:21:45 IST" skipped="0">
  <testcase classname="org.ty.daabase_practice.DDTByCMD" name="testCase1" time="0.017"/>
  <system-out/>
</testsuite> <!-- org.ty.daabase_practice.DDTByCMD -->
