<?xml version="1.0" encoding="UTF-8"?>
<!-- Generated by org.testng.reporters.JUnitReportReporter -->
<testsuite hostname="DESKTOP-6B1PKSS" failures="0" tests="1" name="crm_frameowrok_objectrepository.CreateContactInfoTestNG" time="14.849" errors="0" timestamp="2022-09-15T17:08:02 IST" skipped="0">
  <testcase classname="crm_frameowrok_objectrepository.CreateContactInfoTestNG" name="createContactInfoTestNG" time="14.849"/>
  <system-out/>
</testsuite> <!-- crm_frameowrok_objectrepository.CreateContactInfoTestNG -->
