<?xml version="1.0" encoding="UTF-8"?>
<!-- Generated by org.testng.reporters.JUnitReportReporter -->
<testsuite hostname="DESKTOP-6B1PKSS" failures="0" tests="1" name="crm_frameowrok_objectrepository.DeleteContactInfoTestNG" time="9.221" errors="0" timestamp="2022-09-16T12:27:03 IST" skipped="0">
  <testcase classname="crm_frameowrok_objectrepository.DeleteContactInfoTestNG" name="deleteContactInfoTestNG" time="9.221"/>
  <system-out/>
</testsuite> <!-- crm_frameowrok_objectrepository.DeleteContactInfoTestNG -->
