<?xml version="1.0" encoding="UTF-8"?>
<!-- Generated by org.testng.reporters.JUnitReportReporter -->
<testsuite hostname="DESKTOP-6B1PKSS" failures="0" tests="1" name="org.ty.daabase_practice.AssertPractice" time="0.015" errors="0" timestamp="2022-09-12T11:29:30 IST" skipped="0">
  <testcase classname="org.ty.daabase_practice.AssertPractice" name="test1" time="0.015"/>
  <system-out/>
</testsuite> <!-- org.ty.daabase_practice.AssertPractice -->
