<?xml version="1.0" encoding="UTF-8"?>
<!-- Generated by org.testng.reporters.JUnitReportReporter -->
<testsuite hostname="DESKTOP-6B1PKSS" failures="0" tests="1" name="crm_frameowrok_objectrepository.CreateOrgnaizationTestNG" time="10.241" errors="0" timestamp="2022-09-15T10:30:47 IST" skipped="0">
  <testcase classname="crm_frameowrok_objectrepository.CreateOrgnaizationTestNG" name="createOrgnaizationTestNG" time="10.241"/>
  <system-out/>
</testsuite> <!-- crm_frameowrok_objectrepository.CreateOrgnaizationTestNG -->
