<?xml version="1.0" encoding="UTF-8"?>
<!-- Generated by org.testng.reporters.JUnitReportReporter -->
<testsuite hostname="DESKTOP-6B1PKSS" failures="0" tests="3" name="org.ty.daabase_practice.AnnotationPractice" time="0.012" errors="0" timestamp="8 Sep 2022 11:40:45 GMT">
  <testcase classname="org.ty.daabase_practice.AnnotationPractice" name="suiteSetUp" time="0.004"/>
  <testcase classname="org.ty.daabase_practice.AnnotationPractice" name="classSetUp" time="0.002"/>
  <testcase classname="org.ty.daabase_practice.AnnotationPractice" name="afterClass" time="0.006"/>
</testsuite> <!-- org.ty.daabase_practice.AnnotationPractice -->
