<?xml version="1.0" encoding="UTF-8"?>
<!-- Generated by org.testng.reporters.JUnitReportReporter -->
<testsuite hostname="DESKTOP-6B1PKSS" failures="0" tests="2" name="org.ty.daabase_practice.TestNGPractice1" time="0.007" errors="0" timestamp="8 Sep 2022 11:39:16 GMT">
  <testcase classname="org.ty.daabase_practice.TestNGPractice1" name="step2Test" time="0.004"/>
  <testcase classname="org.ty.daabase_practice.TestNGPractice1" name="step1Test" time="0.003"/>
</testsuite> <!-- org.ty.daabase_practice.TestNGPractice1 -->
