<?xml version="1.0" encoding="UTF-8"?>
<!-- Generated by org.testng.reporters.JUnitReportReporter -->
<testsuite hostname="DESKTOP-6B1PKSS" failures="0" tests="2" name="org.ty.daabase_practice.TestNGPratice2" time="0.009" errors="0" timestamp="8 Sep 2022 11:39:16 GMT">
  <testcase classname="org.ty.daabase_practice.TestNGPratice2" name="step1Test" time="0.006"/>
  <testcase classname="org.ty.daabase_practice.TestNGPratice2" name="step2Test" time="0.003"/>
</testsuite> <!-- org.ty.daabase_practice.TestNGPratice2 -->
